TN:
SF:C:\Users\ColeChamberlain\noderaider\universal-cors\lib\index.js
FN:10,normalizePattern
FN:14,originDoesNotMatch
FN:23,getError
FN:31,getOptionsHeaders
FN:40,handleFailure
FN:47,origins
FN:59,log
FN:60,(anonymous_8)
FN:63,isOk
FN:65,(anonymous_10)
FN:77,cors
FN:90,log
FN:91,(anonymous_13)
FN:99,(anonymous_14)
FN:100,(anonymous_15)
FNF:15
FNH:3
FNDA:12,normalizePattern
FNDA:0,originDoesNotMatch
FNDA:0,getError
FNDA:0,getOptionsHeaders
FNDA:0,handleFailure
FNDA:10,origins
FNDA:0,log
FNDA:0,(anonymous_8)
FNDA:0,isOk
FNDA:0,(anonymous_10)
FNDA:5,cors
FNDA:0,log
FNDA:0,(anonymous_13)
FNDA:0,(anonymous_14)
FNDA:0,(anonymous_15)
DA:3,1
DA:6,1
DA:7,1
DA:8,1
DA:10,1
DA:11,12
DA:14,1
DA:15,0
DA:17,1
DA:19,1
DA:23,1
DA:24,0
DA:31,1
DA:32,0
DA:40,1
DA:41,0
DA:42,0
DA:47,1
DA:48,10
DA:50,10
DA:51,10
DA:52,10
DA:53,10
DA:54,10
DA:55,10
DA:56,10
DA:58,10
DA:59,8
DA:60,0
DA:62,8
DA:63,8
DA:64,0
DA:65,0
DA:66,0
DA:67,0
DA:68,0
DA:70,0
DA:74,8
DA:77,1
DA:78,5
DA:80,5
DA:81,5
DA:82,5
DA:83,5
DA:84,5
DA:85,5
DA:86,5
DA:87,5
DA:88,5
DA:90,5
DA:91,0
DA:94,5
DA:96,4
DA:99,4
DA:100,0
DA:101,0
DA:104,0
DA:105,0
DA:106,0
DA:107,0
DA:109,0
DA:110,0
DA:111,0
DA:113,0
DA:114,0
DA:116,0
DA:118,0
DA:119,0
DA:122,0
DA:123,0
DA:125,0
DA:128,0
LF:72
LH:41
BRDA:11,1,0,6
BRDA:11,1,1,6
BRDA:24,2,0,0
BRDA:24,2,1,0
BRDA:48,3,0,1
BRDA:48,3,1,9
BRDA:48,4,0,10
BRDA:48,4,1,9
BRDA:52,5,0,5
BRDA:52,5,1,5
BRDA:54,6,0,5
BRDA:54,6,1,5
BRDA:56,7,0,5
BRDA:56,7,1,5
BRDA:60,8,0,0
BRDA:60,8,1,0
BRDA:62,9,0,4
BRDA:62,9,1,4
BRDA:64,10,0,0
BRDA:64,10,1,0
BRDA:66,11,0,0
BRDA:66,11,1,0
BRDA:78,12,0,1
BRDA:78,12,1,4
BRDA:78,13,0,5
BRDA:78,13,1,4
BRDA:82,14,0,5
BRDA:82,14,1,0
BRDA:84,15,0,5
BRDA:84,15,1,0
BRDA:86,16,0,5
BRDA:86,16,1,0
BRDA:88,17,0,5
BRDA:88,17,1,0
BRDA:91,18,0,0
BRDA:91,18,1,0
BRDA:100,19,0,0
BRDA:100,19,1,0
BRDA:100,20,0,0
BRDA:100,20,1,0
BRDA:104,21,0,0
BRDA:104,21,1,0
BRDA:104,22,0,0
BRDA:104,22,1,0
BRDA:109,23,0,0
BRDA:109,23,1,0
BRDA:110,24,0,0
BRDA:110,24,1,0
BRDA:111,25,0,0
BRDA:111,25,1,0
BRDA:111,26,0,0
BRDA:111,26,1,0
BRDA:113,27,0,0
BRDA:113,27,1,0
BRDA:122,28,0,0
BRDA:122,28,1,0
BRF:56
BRH:22
end_of_record
