{"C:\\Users\\ColeChamberlain\\noderaider\\universal-cors\\lib\\index.js":{"path":"C:\\Users\\ColeChamberlain\\noderaider\\universal-cors\\lib\\index.js","s":{"1":1,"2":1,"3":1,"4":1,"5":1,"6":12,"7":1,"8":0,"9":1,"10":1,"11":1,"12":0,"13":1,"14":0,"15":1,"16":0,"17":0,"18":1,"19":10,"20":10,"21":10,"22":10,"23":10,"24":10,"25":10,"26":10,"27":10,"28":8,"29":0,"30":8,"31":8,"32":0,"33":0,"34":0,"35":0,"36":0,"37":0,"38":0,"39":8,"40":1,"41":5,"42":5,"43":5,"44":5,"45":5,"46":5,"47":5,"48":5,"49":5,"50":5,"51":5,"52":0,"53":5,"54":4,"55":4,"56":0,"57":0,"58":0,"59":0,"60":0,"61":0,"62":0,"63":0,"64":0,"65":0,"66":0,"67":0,"68":0,"69":0,"70":0,"71":0,"72":0,"73":0,"74":0},"b":{"1":[6,6],"2":[0,0],"3":[1,9],"4":[10,9],"5":[5,5],"6":[5,5],"7":[5,5],"8":[0,0],"9":[4,4],"10":[0,0],"11":[0,0],"12":[1,4],"13":[5,4],"14":[5,0],"15":[5,0],"16":[5,0],"17":[5,0],"18":[0,0],"19":[0,0],"20":[0,0],"21":[0,0],"22":[0,0],"23":[0,0],"24":[0,0],"25":[0,0],"26":[0,0],"27":[0,0],"28":[0,0]},"f":{"1":12,"2":0,"3":0,"4":0,"5":0,"6":10,"7":0,"8":0,"9":0,"10":0,"11":5,"12":0,"13":0,"14":0,"15":0},"fnMap":{"1":{"name":"normalizePattern","line":10,"loc":{"start":{"line":10,"column":23},"end":{"line":10,"column":58}}},"2":{"name":"originDoesNotMatch","line":14,"loc":{"start":{"line":14,"column":25},"end":{"line":14,"column":61}}},"3":{"name":"getError","line":23,"loc":{"start":{"line":23,"column":15},"end":{"line":23,"column":38}}},"4":{"name":"getOptionsHeaders","line":31,"loc":{"start":{"line":31,"column":24},"end":{"line":31,"column":56}}},"5":{"name":"handleFailure","line":40,"loc":{"start":{"line":40,"column":20},"end":{"line":40,"column":53}}},"6":{"name":"origins","line":47,"loc":{"start":{"line":47,"column":0},"end":{"line":47,"column":19}}},"7":{"name":"log","line":59,"loc":{"start":{"line":59,"column":12},"end":{"line":59,"column":27}}},"8":{"name":"(anonymous_8)","line":60,"loc":{"start":{"line":60,"column":65},"end":{"line":60,"column":77}}},"9":{"name":"isOk","line":63,"loc":{"start":{"line":63,"column":13},"end":{"line":63,"column":32}}},"10":{"name":"(anonymous_10)","line":65,"loc":{"start":{"line":65,"column":25},"end":{"line":65,"column":44}}},"11":{"name":"cors","line":77,"loc":{"start":{"line":77,"column":0},"end":{"line":77,"column":16}}},"12":{"name":"log","line":90,"loc":{"start":{"line":90,"column":12},"end":{"line":90,"column":27}}},"13":{"name":"(anonymous_13)","line":91,"loc":{"start":{"line":91,"column":65},"end":{"line":91,"column":77}}},"14":{"name":"(anonymous_14)","line":99,"loc":{"start":{"line":99,"column":9},"end":{"line":99,"column":29}}},"15":{"name":"(anonymous_15)","line":100,"loc":{"start":{"line":100,"column":69},"end":{"line":100,"column":81}}}},"statementMap":{"1":{"start":{"line":3,"column":0},"end":{"line":null,"column":-1}},"2":{"start":{"line":6,"column":0},"end":{"line":null,"column":-1}},"3":{"start":{"line":7,"column":0},"end":{"line":null,"column":-1}},"4":{"start":{"line":8,"column":0},"end":{"line":null,"column":-1}},"5":{"start":{"line":10,"column":0},"end":{"line":null,"column":-1}},"6":{"start":{"line":11,"column":2},"end":{"line":null,"column":-1}},"7":{"start":{"line":14,"column":0},"end":{"line":null,"column":-1}},"8":{"start":{"line":15,"column":2},"end":{"line":null,"column":-1}},"9":{"start":{"line":17,"column":0},"end":{"line":null,"column":-1}},"10":{"start":{"line":19,"column":0},"end":{"line":null,"column":-1}},"11":{"start":{"line":23,"column":0},"end":{"line":null,"column":-1}},"12":{"start":{"line":24,"column":2},"end":{"line":null,"column":-1}},"13":{"start":{"line":31,"column":0},"end":{"line":null,"column":-1}},"14":{"start":{"line":32,"column":2},"end":{"line":null,"column":-1}},"15":{"start":{"line":40,"column":0},"end":{"line":null,"column":-1}},"16":{"start":{"line":41,"column":2},"end":{"line":null,"column":-1}},"17":{"start":{"line":42,"column":2},"end":{"line":null,"column":-1}},"18":{"start":{"line":47,"column":0},"end":{"line":75,"column":1}},"19":{"start":{"line":48,"column":2},"end":{"line":null,"column":-1}},"20":{"start":{"line":50,"column":2},"end":{"line":null,"column":-1}},"21":{"start":{"line":51,"column":2},"end":{"line":null,"column":-1}},"22":{"start":{"line":52,"column":2},"end":{"line":null,"column":-1}},"23":{"start":{"line":53,"column":2},"end":{"line":null,"column":-1}},"24":{"start":{"line":54,"column":2},"end":{"line":null,"column":-1}},"25":{"start":{"line":55,"column":2},"end":{"line":null,"column":-1}},"26":{"start":{"line":56,"column":2},"end":{"line":null,"column":-1}},"27":{"start":{"line":58,"column":2},"end":{"line":null,"column":-1}},"28":{"start":{"line":59,"column":2},"end":{"line":null,"column":-1}},"29":{"start":{"line":60,"column":4},"end":{"line":null,"column":-1}},"30":{"start":{"line":62,"column":2},"end":{"line":null,"column":-1}},"31":{"start":{"line":63,"column":2},"end":{"line":null,"column":-1}},"32":{"start":{"line":64,"column":4},"end":{"line":64,"column":29}},"33":{"start":{"line":64,"column":29},"end":{"line":null,"column":-1}},"34":{"start":{"line":65,"column":4},"end":{"line":null,"column":-1}},"35":{"start":{"line":66,"column":6},"end":{"line":71,"column":7}},"36":{"start":{"line":67,"column":8},"end":{"line":null,"column":-1}},"37":{"start":{"line":68,"column":8},"end":{"line":null,"column":-1}},"38":{"start":{"line":70,"column":8},"end":{"line":null,"column":-1}},"39":{"start":{"line":74,"column":2},"end":{"line":null,"column":-1}},"40":{"start":{"line":77,"column":0},"end":{"line":131,"column":1}},"41":{"start":{"line":78,"column":2},"end":{"line":null,"column":-1}},"42":{"start":{"line":80,"column":2},"end":{"line":null,"column":-1}},"43":{"start":{"line":81,"column":2},"end":{"line":null,"column":-1}},"44":{"start":{"line":82,"column":2},"end":{"line":null,"column":-1}},"45":{"start":{"line":83,"column":2},"end":{"line":null,"column":-1}},"46":{"start":{"line":84,"column":2},"end":{"line":null,"column":-1}},"47":{"start":{"line":85,"column":2},"end":{"line":null,"column":-1}},"48":{"start":{"line":86,"column":2},"end":{"line":null,"column":-1}},"49":{"start":{"line":87,"column":2},"end":{"line":null,"column":-1}},"50":{"start":{"line":88,"column":2},"end":{"line":null,"column":-1}},"51":{"start":{"line":90,"column":2},"end":{"line":null,"column":-1}},"52":{"start":{"line":91,"column":4},"end":{"line":null,"column":-1}},"53":{"start":{"line":94,"column":2},"end":{"line":null,"column":-1}},"54":{"start":{"line":96,"column":2},"end":{"line":null,"column":-1}},"55":{"start":{"line":99,"column":2},"end":{"line":null,"column":-1}},"56":{"start":{"line":100,"column":4},"end":{"line":null,"column":-1}},"57":{"start":{"line":101,"column":6},"end":{"line":null,"column":-1}},"58":{"start":{"line":104,"column":4},"end":{"line":129,"column":5}},"59":{"start":{"line":105,"column":6},"end":{"line":null,"column":-1}},"60":{"start":{"line":106,"column":6},"end":{"line":null,"column":-1}},"61":{"start":{"line":107,"column":6},"end":{"line":null,"column":-1}},"62":{"start":{"line":109,"column":6},"end":{"line":null,"column":-1}},"63":{"start":{"line":110,"column":6},"end":{"line":110,"column":27}},"64":{"start":{"line":110,"column":27},"end":{"line":null,"column":-1}},"65":{"start":{"line":111,"column":6},"end":{"line":127,"column":7}},"66":{"start":{"line":113,"column":8},"end":{"line":117,"column":9}},"67":{"start":{"line":114,"column":10},"end":{"line":null,"column":-1}},"68":{"start":{"line":116,"column":10},"end":{"line":null,"column":-1}},"69":{"start":{"line":118,"column":8},"end":{"line":null,"column":-1}},"70":{"start":{"line":119,"column":8},"end":{"line":null,"column":-1}},"71":{"start":{"line":122,"column":8},"end":{"line":126,"column":9}},"72":{"start":{"line":123,"column":10},"end":{"line":null,"column":-1}},"73":{"start":{"line":125,"column":10},"end":{"line":null,"column":-1}},"74":{"start":{"line":128,"column":6},"end":{"line":null,"column":-1}}},"branchMap":{"1":{"line":11,"type":"cond-expr","locations":[{"start":{"line":11,"column":37},"end":{"line":11,"column":9}},{"start":{"line":11,"column":47},"end":{"line":11,"column":2}}]},"2":{"line":24,"type":"cond-expr","locations":[{"start":{"line":24,"column":30},"end":{"line":24,"column":9}},{"start":{"line":26,"column":6},"end":{"line":24,"column":2}}]},"3":{"line":48,"type":"cond-expr","locations":[{"start":{"line":48,"column":67},"end":{"line":48,"column":13}},{"start":{"line":48,"column":72},"end":{"line":48,"column":2}}]},"4":{"line":48,"type":"binary-expr","locations":[{"start":{"line":48,"column":13},"end":{"line":48,"column":12}},{"start":{"line":48,"column":38},"end":{"line":48,"column":13}}]},"5":{"line":52,"type":"cond-expr","locations":[{"start":{"line":52,"column":45},"end":{"line":52,"column":16}},{"start":{"line":52,"column":53},"end":{"line":52,"column":2}}]},"6":{"line":54,"type":"cond-expr","locations":[{"start":{"line":54,"column":43},"end":{"line":54,"column":15}},{"start":{"line":54,"column":53},"end":{"line":54,"column":2}}]},"7":{"line":56,"type":"cond-expr","locations":[{"start":{"line":56,"column":47},"end":{"line":56,"column":17}},{"start":{"line":56,"column":57},"end":{"line":56,"column":2}}]},"8":{"line":60,"type":"cond-expr","locations":[{"start":{"line":60,"column":21},"end":{"line":60,"column":11}},{"start":{"line":60,"column":65},"end":{"line":60,"column":4}}]},"9":{"line":62,"type":"cond-expr","locations":[{"start":{"line":62,"column":39},"end":{"line":62,"column":13}},{"start":{"line":62,"column":72},"end":{"line":62,"column":2}}]},"10":{"line":64,"type":"if","locations":[{"start":{"line":64,"column":4},"end":{"line":64,"column":7}},{"start":{"line":64,"column":4},"end":{"line":64,"column":7}}]},"11":{"line":66,"type":"if","locations":[{"start":{"line":66,"column":6},"end":{"line":66,"column":9}},{"start":{"line":66,"column":6},"end":{"line":66,"column":9}}]},"12":{"line":78,"type":"cond-expr","locations":[{"start":{"line":78,"column":68},"end":{"line":78,"column":14}},{"start":{"line":78,"column":73},"end":{"line":78,"column":2}}]},"13":{"line":78,"type":"binary-expr","locations":[{"start":{"line":78,"column":14},"end":{"line":78,"column":13}},{"start":{"line":78,"column":39},"end":{"line":78,"column":14}}]},"14":{"line":82,"type":"cond-expr","locations":[{"start":{"line":82,"column":56},"end":{"line":82,"column":21}},{"start":{"line":82,"column":63},"end":{"line":82,"column":2}}]},"15":{"line":84,"type":"cond-expr","locations":[{"start":{"line":84,"column":46},"end":{"line":84,"column":16}},{"start":{"line":84,"column":54},"end":{"line":84,"column":2}}]},"16":{"line":86,"type":"cond-expr","locations":[{"start":{"line":86,"column":44},"end":{"line":86,"column":15}},{"start":{"line":86,"column":54},"end":{"line":86,"column":2}}]},"17":{"line":88,"type":"cond-expr","locations":[{"start":{"line":88,"column":48},"end":{"line":88,"column":17}},{"start":{"line":88,"column":58},"end":{"line":88,"column":2}}]},"18":{"line":91,"type":"cond-expr","locations":[{"start":{"line":91,"column":21},"end":{"line":91,"column":11}},{"start":{"line":91,"column":65},"end":{"line":91,"column":4}}]},"19":{"line":100,"type":"cond-expr","locations":[{"start":{"line":100,"column":69},"end":{"line":100,"column":15}},{"start":{"line":102,"column":8},"end":{"line":100,"column":4}}]},"20":{"line":100,"type":"binary-expr","locations":[{"start":{"line":100,"column":15},"end":{"line":100,"column":14}},{"start":{"line":100,"column":40},"end":{"line":100,"column":15}}]},"21":{"line":104,"type":"if","locations":[{"start":{"line":104,"column":4},"end":{"line":104,"column":7}},{"start":{"line":104,"column":4},"end":{"line":104,"column":7}}]},"22":{"line":104,"type":"binary-expr","locations":[{"start":{"line":104,"column":8},"end":{"line":104,"column":23}},{"start":{"line":104,"column":24},"end":{"line":104,"column":4}}]},"23":{"line":109,"type":"binary-expr","locations":[{"start":{"line":109,"column":27},"end":{"line":109,"column":26}},{"start":{"line":109,"column":49},"end":{"line":109,"column":6}}]},"24":{"line":110,"type":"if","locations":[{"start":{"line":110,"column":6},"end":{"line":110,"column":9}},{"start":{"line":110,"column":6},"end":{"line":110,"column":9}}]},"25":{"line":111,"type":"if","locations":[{"start":{"line":111,"column":6},"end":{"line":111,"column":9}},{"start":{"line":111,"column":6},"end":{"line":111,"column":9}}]},"26":{"line":111,"type":"binary-expr","locations":[{"start":{"line":111,"column":10},"end":{"line":111,"column":27}},{"start":{"line":111,"column":28},"end":{"line":111,"column":6}}]},"27":{"line":113,"type":"if","locations":[{"start":{"line":113,"column":8},"end":{"line":113,"column":11}},{"start":{"line":113,"column":8},"end":{"line":113,"column":11}}]},"28":{"line":122,"type":"if","locations":[{"start":{"line":122,"column":8},"end":{"line":122,"column":11}},{"start":{"line":122,"column":8},"end":{"line":122,"column":11}}]}}}}